<?xml version="1.0" encoding="UTF-8" ?>
<testsuite failures="0" time="0.147" errors="0" skipped="0" tests="1" name="org.ssa4j.professional.ProfessionalScrapeSessionManangerTestCase">
  <properties>
    <property name="java.runtime.name" value="Java(TM) SE Runtime Environment"/>
    <property name="sun.boot.library.path" value="/System/Library/Java/JavaVirtualMachines/1.6.0.jdk/Contents/Libraries"/>
    <property name="java.vm.version" value="17.1-b03-307"/>
    <property name="awt.nativeDoubleBuffering" value="true"/>
    <property name="gopherProxySet" value="false"/>
    <property name="mrj.build" value="10M3261"/>
    <property name="java.vm.vendor" value="Apple Inc."/>
    <property name="java.vendor.url" value="http://www.apple.com/"/>
    <property name="path.separator" value=":"/>
    <property name="java.vm.name" value="Java HotSpot(TM) 64-Bit Server VM"/>
    <property name="file.encoding.pkg" value="sun.io"/>
    <property name="user.country" value="US"/>
    <property name="sun.java.launcher" value="SUN_STANDARD"/>
    <property name="sun.os.patch.level" value="unknown"/>
    <property name="java.vm.specification.name" value="Java Virtual Machine Specification"/>
    <property name="user.dir" value="/Volumes/Workspaces/FeistyPeach/SSA4J"/>
    <property name="java.runtime.version" value="1.6.0_22-b04-307-10M3261"/>
    <property name="java.awt.graphicsenv" value="apple.awt.CGraphicsEnvironment"/>
    <property name="basedir" value="/Volumes/Workspaces/FeistyPeach/SSA4J"/>
    <property name="java.endorsed.dirs" value="/System/Library/Java/JavaVirtualMachines/1.6.0.jdk/Contents/Home/lib/endorsed"/>
    <property name="os.arch" value="x86_64"/>
    <property name="surefire.real.class.path" value="/Volumes/Workspaces/FeistyPeach/SSA4J/target/surefire/surefirebooter3439582874612000522.jar"/>
    <property name="java.io.tmpdir" value="/var/folders/O+/O+H9BgJVHzarJ6FpDEMDQ++++TI/-Tmp-/"/>
    <property name="line.separator" value="
"/>
    <property name="java.vm.specification.vendor" value="Sun Microsystems Inc."/>
    <property name="os.name" value="Mac OS X"/>
    <property name="sun.jnu.encoding" value="MacRoman"/>
    <property name="java.library.path" value=".:/Library/Java/Extensions:/System/Library/Java/Extensions:/usr/lib/java"/>
    <property name="surefire.test.class.path" value="/Volumes/Workspaces/FeistyPeach/SSA4J/target/test-classes:/Volumes/Workspaces/FeistyPeach/SSA4J/target/classes:/ext1/conf/m2/repository/javax/xml/jaxrpc-api/1.1/jaxrpc-api-1.1.jar:/ext1/conf/m2/repository/axis/axis/1.4/axis-1.4.jar:/ext1/conf/m2/repository/org/apache/axis/axis-jaxrpc/1.4/axis-jaxrpc-1.4.jar:/ext1/conf/m2/repository/org/apache/axis/axis-saaj/1.4/axis-saaj-1.4.jar:/ext1/conf/m2/repository/axis/axis-wsdl4j/1.5.1/axis-wsdl4j-1.5.1.jar:/ext1/conf/m2/repository/commons-logging/commons-logging/1.0.4/commons-logging-1.0.4.jar:/ext1/conf/m2/repository/commons-discovery/commons-discovery/0.2/commons-discovery-0.2.jar:/ext1/conf/m2/repository/org/slf4j/slf4j-api/1.6.1/slf4j-api-1.6.1.jar:/Volumes/Development/Tools/screen-scraper-ent-4.5/screen-scraper.jar:/ext1/conf/m2/repository/org/codehaus/groovy/groovy-all/1.7.6/groovy-all-1.7.6.jar:/ext1/conf/m2/repository/junit/junit/4.0/junit-4.0.jar:/ext1/conf/m2/repository/org/slf4j/slf4j-log4j12/1.6.1/slf4j-log4j12-1.6.1.jar:/ext1/conf/m2/repository/log4j/log4j/1.2.16/log4j-1.2.16.jar:"/>
    <property name="java.specification.name" value="Java Platform API Specification"/>
    <property name="java.class.version" value="50.0"/>
    <property name="sun.management.compiler" value="HotSpot 64-Bit Server Compiler"/>
    <property name="os.version" value="10.6.6"/>
    <property name="http.nonProxyHosts" value="local|*.local|169.254/16|*.169.254/16"/>
    <property name="user.home" value="/Users/rodney"/>
    <property name="user.timezone" value=""/>
    <property name="java.awt.printerjob" value="apple.awt.CPrinterJob"/>
    <property name="java.specification.version" value="1.6"/>
    <property name="file.encoding" value="MacRoman"/>
    <property name="user.name" value="rodney"/>
    <property name="java.class.path" value="/Volumes/Workspaces/FeistyPeach/SSA4J/target/test-classes:/Volumes/Workspaces/FeistyPeach/SSA4J/target/classes:/ext1/conf/m2/repository/javax/xml/jaxrpc-api/1.1/jaxrpc-api-1.1.jar:/ext1/conf/m2/repository/axis/axis/1.4/axis-1.4.jar:/ext1/conf/m2/repository/org/apache/axis/axis-jaxrpc/1.4/axis-jaxrpc-1.4.jar:/ext1/conf/m2/repository/org/apache/axis/axis-saaj/1.4/axis-saaj-1.4.jar:/ext1/conf/m2/repository/axis/axis-wsdl4j/1.5.1/axis-wsdl4j-1.5.1.jar:/ext1/conf/m2/repository/commons-logging/commons-logging/1.0.4/commons-logging-1.0.4.jar:/ext1/conf/m2/repository/commons-discovery/commons-discovery/0.2/commons-discovery-0.2.jar:/ext1/conf/m2/repository/org/slf4j/slf4j-api/1.6.1/slf4j-api-1.6.1.jar:/Volumes/Development/Tools/screen-scraper-ent-4.5/screen-scraper.jar:/ext1/conf/m2/repository/org/codehaus/groovy/groovy-all/1.7.6/groovy-all-1.7.6.jar:/ext1/conf/m2/repository/junit/junit/4.0/junit-4.0.jar:/ext1/conf/m2/repository/org/slf4j/slf4j-log4j12/1.6.1/slf4j-log4j12-1.6.1.jar:/ext1/conf/m2/repository/log4j/log4j/1.2.16/log4j-1.2.16.jar:"/>
    <property name="java.vm.specification.version" value="1.0"/>
    <property name="sun.arch.data.model" value="64"/>
    <property name="java.home" value="/System/Library/Java/JavaVirtualMachines/1.6.0.jdk/Contents/Home"/>
    <property name="java.specification.vendor" value="Sun Microsystems Inc."/>
    <property name="user.language" value="en"/>
    <property name="awt.toolkit" value="apple.awt.CToolkit"/>
    <property name="java.vm.info" value="mixed mode"/>
    <property name="java.version" value="1.6.0_22"/>
    <property name="java.ext.dirs" value="/Library/Java/Extensions:/System/Library/Java/Extensions:/System/Library/Java/JavaVirtualMachines/1.6.0.jdk/Contents/Home/lib/ext"/>
    <property name="sun.boot.class.path" value="/System/Library/Java/JavaVirtualMachines/1.6.0.jdk/Contents/Classes/jsfd.jar:/System/Library/Java/JavaVirtualMachines/1.6.0.jdk/Contents/Classes/classes.jar:/System/Library/Frameworks/JavaVM.framework/Frameworks/JavaRuntimeSupport.framework/Resources/Java/JavaRuntimeSupport.jar:/System/Library/Java/JavaVirtualMachines/1.6.0.jdk/Contents/Classes/ui.jar:/System/Library/Java/JavaVirtualMachines/1.6.0.jdk/Contents/Classes/laf.jar:/System/Library/Java/JavaVirtualMachines/1.6.0.jdk/Contents/Classes/sunrsasign.jar:/System/Library/Java/JavaVirtualMachines/1.6.0.jdk/Contents/Classes/jsse.jar:/System/Library/Java/JavaVirtualMachines/1.6.0.jdk/Contents/Classes/jce.jar:/System/Library/Java/JavaVirtualMachines/1.6.0.jdk/Contents/Classes/charsets.jar"/>
    <property name="java.vendor" value="Apple Inc."/>
    <property name="localRepository" value="/ext1/conf/m2/repository"/>
    <property name="file.separator" value="/"/>
    <property name="java.vendor.url.bug" value="http://bugreport.apple.com/"/>
    <property name="sun.cpu.endian" value="little"/>
    <property name="sun.io.unicode.encoding" value="UnicodeLittle"/>
    <property name="mrj.version" value="1060.1.6.0_22-307"/>
    <property name="socksNonProxyHosts" value="local|*.local|169.254/16|*.169.254/16"/>
    <property name="ftp.nonProxyHosts" value="local|*.local|169.254/16|*.169.254/16"/>
    <property name="sun.cpu.isalist" value=""/>
  </properties>
  <testcase time="0.048" classname="org.ssa4j.professional.ProfessionalScrapeSessionManangerTestCase" name="testThreadLocalState"/>
</testsuite>